\BOOKMARK [1][-]{table.caption.1}{\376\377\004\040\004\025\004\044\004\025\004\040\004\020\004\042}{}% 1
\BOOKMARK [1][-]{table.caption.1}{\376\377\004\036\004\037\004\040\004\025\004\024\004\025\004\033\004\025\004\035\004\030\004\057\000,\000\040\004\036\004\021\004\036\004\027\004\035\004\020\004\047\004\025\004\035\004\030\004\057\000\040\004\030\000\040\004\041\004\036\004\032\004\040\004\020\004\051\004\025\004\035\004\030\004\057}{}% 2
\BOOKMARK [1][-]{Item.3}{\376\377\004\022\004\022\004\025\004\024\004\025\004\035\004\030\004\025}{}% 3
\BOOKMARK [1][-]{section.1}{\376\377\004\020\004\075\004\060\004\073\004\070\004\102\004\070\004\107\004\065\004\101\004\072\004\070\004\071\000\040\004\100\004\060\004\067\004\064\004\065\004\073}{}% 4
\BOOKMARK [2][-]{subsection.1.1}{\376\377\004\027\004\060\004\064\004\060\004\107\004\060\000\040\004\076\004\106\004\065\004\075\004\072\004\070\000\040\004\061\004\065\004\067\004\076\004\077\004\060\004\101\004\075\004\076\004\101\004\102\004\070\000\040\004\062\004\076\004\064\004\070\004\102\004\065\004\073\004\117}{section.1}% 5
\BOOKMARK [2][-]{subsection.1.2}{\376\377\004\027\004\060\004\064\004\060\004\107\004\060\000\040\004\072\004\073\004\060\004\101\004\101\004\070\004\104\004\070\004\072\004\060\004\106\004\070\004\070\000\040\004\070\004\067\004\076\004\061\004\100\004\060\004\066\004\065\004\075\004\070\004\071}{section.1}% 6
\BOOKMARK [2][-]{subsection.1.3}{\376\377\004\022\004\062\004\065\004\064\004\065\004\075\004\070\004\065\000\040\004\062\000\040\004\101\004\062\004\065\004\100\004\102\004\076\004\107\004\075\004\113\004\065\000\040\004\075\004\065\004\071\004\100\004\076\004\075\004\075\004\113\004\065\000\040\004\101\004\065\004\102\004\070}{section.1}% 7
\BOOKMARK [3][-]{subsubsection.1.3.1}{\376\377\004\035\004\065\004\071\004\100\004\076\004\075}{subsection.1.3}% 8
\BOOKMARK [3][-]{subsubsection.1.3.2}{\376\377\004\034\004\075\004\076\004\063\004\076\004\101\004\073\004\076\004\071\004\075\004\113\004\071\000\040\004\077\004\065\004\100\004\101\004\065\004\077\004\102\004\100\004\076\004\075}{subsection.1.3}% 9
\BOOKMARK [2][-]{subsection.1.4}{\376\377\004\020\004\100\004\105\004\070\004\102\004\065\004\072\004\102\004\103\004\100\004\060\000\040\004\101\004\062\004\065\004\100\004\102\004\076\004\107\004\075\004\113\004\105\000\040\004\075\004\065\004\071\004\100\004\076\004\075\004\075\004\113\004\105\000\040\004\101\004\065\004\102\004\065\004\071}{section.1}% 10
\BOOKMARK [3][-]{subsubsection.1.4.1}{\376\377\004\041\004\062\004\065\004\100\004\102\004\076\004\107\004\075\004\113\004\071\000\040\004\101\004\073\004\076\004\071}{subsection.1.4}% 11
\BOOKMARK [3][-]{subsubsection.1.4.2}{\376\377\004\041\004\073\004\076\004\071\000\040\004\077\004\103\004\073\004\070\004\075\004\063\004\060}{subsection.1.4}% 12
\BOOKMARK [3][-]{subsubsection.1.4.3}{\376\377\004\037\004\076\004\073\004\075\004\076\004\101\004\062\004\117\004\067\004\075\004\113\004\071\000\040\004\101\004\073\004\076\004\071}{subsection.1.4}% 13
\BOOKMARK [3][-]{subsubsection.1.4.4}{\376\377\004\044\004\103\004\075\004\072\004\106\004\070\004\117\000\040\004\077\004\076\004\102\004\065\004\100\004\114}{subsection.1.4}% 14
\BOOKMARK [2][-]{subsection.1.5}{\376\377\004\042\004\065\004\105\004\075\004\076\004\073\004\076\004\063\004\070\004\070\000\040\004\072\004\073\004\060\004\101\004\101\004\070\004\104\004\070\004\072\004\060\004\106\004\070\004\070\000\040\004\070\004\067\004\076\004\061\004\100\004\060\004\066\004\065\004\075\004\070\004\071}{section.1}% 15
\BOOKMARK [3][-]{subsubsection.1.5.1}{\376\377\000A\000l\000e\000x\000N\000e\000t}{subsection.1.5}% 16
\BOOKMARK [3][-]{subsubsection.1.5.2}{\376\377\000V\000G\000G\000N\000e\000t}{subsection.1.5}% 17
\BOOKMARK [3][-]{subsubsection.1.5.3}{\376\377\000G\000o\000o\000g\000l\000e\000N\000e\000t}{subsection.1.5}% 18
\BOOKMARK [3][-]{subsubsection.1.5.4}{\376\377\000R\000e\000s\000N\000e\000t}{subsection.1.5}% 19
\BOOKMARK [3][-]{subsubsection.1.5.5}{\376\377\000C\004\100\004\060\004\062\004\075\004\065\004\075\004\070\004\065\000\040\004\100\004\060\004\101\004\101\004\074\004\076\004\102\004\100\004\065\004\075\004\075\004\113\004\105\000\040\004\074\004\065\004\102\004\076\004\064\004\076\004\062}{subsection.1.5}% 20
\BOOKMARK [2][-]{subsection.1.6}{\376\377\004\044\004\076\004\100\004\074\004\060\004\073\004\070\004\067\004\060\004\106\004\070\004\117\000\040\004\077\004\076\004\101\004\102\004\060\004\075\004\076\004\062\004\072\004\070\000\040\004\067\004\060\004\064\004\060\004\107\004\070}{section.1}% 21
\BOOKMARK [1][-]{section.2}{\376\377\004\032\004\076\004\075\004\101\004\102\004\100\004\103\004\072\004\102\004\076\004\100\004\101\004\072\004\070\004\071\000\040\004\100\004\060\004\067\004\064\004\065\004\073}{}% 22
\BOOKMARK [2][-]{subsection.2.1}{\376\377\004\042\004\100\004\065\004\061\004\076\004\062\004\060\004\075\004\070\004\117\000\040\004\072\000\040\004\100\004\060\004\067\004\100\004\060\004\061\004\060\004\102\004\113\004\062\004\060\004\065\004\074\004\076\004\074\004\103\000\040\004\074\004\065\004\102\004\076\004\064\004\103}{section.2}% 23
\BOOKMARK [2][-]{subsection.2.2}{\376\377\004\042\004\100\004\065\004\061\004\076\004\062\004\060\004\075\004\070\004\117\000\040\004\072\000\040\004\100\004\060\004\067\004\100\004\060\004\061\004\060\004\102\004\113\004\062\004\060\004\065\004\074\004\076\004\074\004\103\000\040\004\077\004\100\004\076\004\063\004\100\004\060\004\074\004\074\004\075\004\076\004\074\004\103\000\040\004\072\004\076\004\074\004\077\004\073\004\065\004\072\004\101\004\103}{section.2}% 24
\BOOKMARK [2][-]{subsection.2.3}{\376\377\004\036\004\101\004\076\004\061\004\065\004\075\004\075\004\076\004\101\004\102\004\070\000\040\004\074\004\065\004\102\004\076\004\064\004\060\000\040\004\076\004\106\004\065\004\075\004\072\004\070}{section.2}% 25
\BOOKMARK [3][-]{subsubsection.2.3.1}{\376\377\004\034\004\076\004\064\004\065\004\073\004\114\000\040\004\075\004\065\004\071\004\100\004\076\004\075\004\075\004\076\004\071\000\040\004\101\004\065\004\102\004\070}{subsection.2.3}% 26
\BOOKMARK [3][-]{subsubsection.2.3.2}{\376\377\004\036\004\061\004\111\004\065\004\065\000\040\004\076\004\077\004\070\004\101\004\060\004\075\004\070\004\065\000\040\004\074\004\065\004\102\004\076\004\064\004\060\000\040\004\076\004\106\004\065\004\075\004\072\004\070}{subsection.2.3}% 27
\BOOKMARK [3][-]{subsubsection.2.3.3}{\376\377\004\037\004\100\004\065\004\064\004\062\004\060\004\100\004\070\004\102\004\065\004\073\004\114\004\075\004\060\004\117\000\040\004\076\004\061\004\100\004\060\004\061\004\076\004\102\004\072\004\060\000\040\004\064\004\060\004\075\004\075\004\113\004\105}{subsection.2.3}% 28
\BOOKMARK [3][-]{subsubsection.2.3.4}{\376\377\004\020\004\073\004\063\004\076\004\100\004\070\004\102\004\074\000\040\004\062\004\113\004\107\004\070\004\101\004\073\004\065\004\075\004\070\004\117\000\040\004\076\004\106\004\065\004\075\004\072\004\070\000\040\004\061\004\065\004\067\004\076\004\077\004\060\004\101\004\075\004\076\004\101\004\102\004\070}{subsection.2.3}% 29
\BOOKMARK [2][-]{subsection.2.4}{\376\377\004\041\004\102\004\100\004\103\004\072\004\102\004\103\004\100\004\060\000\040\004\100\004\060\004\067\004\100\004\060\004\061\004\060\004\102\004\113\004\062\004\060\004\065\004\074\004\076\004\063\004\076\000\040\004\077\004\100\004\076\004\063\004\100\004\060\004\074\004\074\004\075\004\076\004\063\004\076\000\040\004\076\004\061\004\065\004\101\004\077\004\065\004\107\004\065\004\075\004\070\004\117}{section.2}% 30
\BOOKMARK [3][-]{subsubsection.2.4.1}{\376\377\004\036\004\077\004\070\004\101\004\060\004\075\004\070\004\065\000\040\004\074\004\076\004\064\004\103\004\073\004\065\004\071\000\040\004\077\004\100\004\076\004\063\004\100\004\060\004\074\004\074\004\075\004\076\004\063\004\076\000\040\004\072\004\076\004\074\004\077\004\073\004\065\004\072\004\101\004\060}{subsection.2.4}% 31
\BOOKMARK [3][-]{subsubsection.2.4.2}{\376\377\004\020\004\100\004\105\004\070\004\102\004\065\004\072\004\102\004\103\004\100\004\060\000\040\004\077\004\100\004\076\004\063\004\100\004\060\004\074\004\074\004\075\004\076\004\063\004\076\000\040\004\076\004\061\004\065\004\101\004\077\004\065\004\107\004\065\004\075\004\070\004\117}{subsection.2.4}% 32
\BOOKMARK [3][-]{subsubsection.2.4.3}{\376\377\004\024\004\060\004\075\004\075\004\113\004\065\000\040\004\064\004\073\004\117\000\040\004\076\004\061\004\103\004\107\004\065\004\075\004\070\004\117\000\040\004\074\004\076\004\064\004\065\004\073\004\070}{subsection.2.4}% 33
\BOOKMARK [1][-]{section.3}{\376\377\004\042\004\065\004\105\004\075\004\076\004\073\004\076\004\063\004\070\004\107\004\065\004\101\004\072\004\070\004\071\000\040\004\100\004\060\004\067\004\064\004\065\004\073}{}% 34
\BOOKMARK [2][-]{subsection.3.1}{\376\377\004\041\004\100\004\065\004\064\004\101\004\102\004\062\004\060\000\040\004\100\004\065\004\060\004\073\004\070\004\067\004\060\004\106\004\070\004\070\000\040\004\077\004\100\004\076\004\063\004\100\004\060\004\074\004\074\004\075\004\076\004\063\004\076\000\040\004\072\004\076\004\074\004\077\004\073\004\065\004\072\004\101\004\060}{section.3}% 35
\BOOKMARK [2][-]{subsection.3.2}{\376\377\004\040\004\065\004\060\004\073\004\070\004\067\004\060\004\106\004\070\004\117\000\040\004\077\004\100\004\076\004\063\004\100\004\060\004\074\004\074\004\075\004\076\004\063\004\076\000\040\004\072\004\076\004\074\004\077\004\073\004\065\004\072\004\101\004\060}{section.3}% 36
\BOOKMARK [3][-]{subsubsection.3.2.1}{\376\377\004\034\004\076\004\064\004\103\004\073\004\114\000\040\004\077\004\076\004\073\004\114\004\067\004\076\004\062\004\060\004\102\004\065\004\073\004\114\004\101\004\072\004\076\004\063\004\076\000\040\004\070\004\075\004\102\004\065\004\100\004\104\004\065\004\071\004\101\004\060}{subsection.3.2}% 37
\BOOKMARK [3][-]{subsubsection.3.2.2}{\376\377\004\034\004\076\004\064\004\103\004\073\004\114\000\040\000G\000o\000o\000g\000l\000e\000N\000e\000t\000\040\004\074\004\076\004\064\004\065\004\073\004\070}{subsection.3.2}% 38
\BOOKMARK [3][-]{subsubsection.3.2.3}{\376\377\004\036\004\061\004\103\004\107\004\065\004\075\004\070\004\065\000\040\004\074\004\076\004\064\004\065\004\073\004\070}{subsection.3.2}% 39
\BOOKMARK [3][-]{subsubsection.3.2.4}{\376\377\004\040\004\065\004\067\004\103\004\073\004\114\004\102\004\060\004\102\004\113\000\040\004\076\004\061\004\103\004\107\004\065\004\075\004\070\004\117\000\040\004\074\004\076\004\064\004\065\004\073\004\070}{subsection.3.2}% 40
\BOOKMARK [2][-]{subsection.3.3}{\376\377\004\037\004\100\004\070\004\074\004\065\004\100\004\113\000\040\004\070\004\101\004\077\004\076\004\073\004\114\004\067\004\076\004\062\004\060\004\075\004\070\004\117\000\040\004\100\004\060\004\067\004\100\004\060\004\061\004\076\004\102\004\060\004\075\004\075\004\076\004\063\004\076\000\040\004\077\004\100\004\076\004\063\004\100\004\060\004\074\004\074\004\075\004\076\004\063\004\076\000\040\004\072\004\076\004\074\004\077\004\073\004\065\004\072\004\101\004\060}{section.3}% 41
\BOOKMARK [1][-]{section.4}{\376\377\004\030\004\101\004\101\004\073\004\065\004\064\004\076\004\062\004\060\004\102\004\065\004\073\004\114\004\101\004\072\004\070\004\071\000\040\004\100\004\060\004\067\004\064\004\065\004\073}{}% 42
\BOOKMARK [2][-]{subsection.4.1}{\376\377\004\037\004\100\004\065\004\064\004\074\004\065\004\102\000\040\004\070\004\101\004\101\004\073\004\065\004\064\004\076\004\062\004\060\004\075\004\070\004\117}{section.4}% 43
\BOOKMARK [2][-]{subsection.4.2}{\376\377\004\041\004\100\004\060\004\062\004\075\004\065\004\075\004\070\004\065\000\040\004\062\004\100\004\065\004\074\004\065\004\075\004\070\000\040\004\100\004\060\004\061\004\076\004\102\004\113\000\040\004\100\004\065\004\060\004\073\004\070\004\067\004\076\004\062\004\060\004\075\004\075\004\076\004\063\004\076\000\040\004\074\004\065\004\102\004\076\004\064\004\060\000\040\004\075\004\060\000\040\004\100\004\060\004\067\004\075\004\113\004\105\000\040\004\076\004\061\004\112\004\065\004\074\004\060\004\105\000\040\004\062\004\105\004\076\004\064\004\075\004\113\004\105\000\040\004\064\004\060\004\075\004\075\004\113\004\105}{section.4}% 44
\BOOKMARK [2][-]{subsection.4.3}{\376\377\004\041\004\100\004\060\004\062\004\075\004\065\004\075\004\070\004\065\000\040\004\102\004\076\004\107\004\075\004\076\004\101\004\102\004\070\000\040\004\074\004\076\004\064\004\065\004\073\004\070\000\040\004\075\004\065\004\071\004\100\004\076\004\075\004\075\004\076\004\071\000\040\004\101\004\065\004\102\004\070\000\040\004\075\004\060\000\040\004\070\004\067\004\076\004\061\004\100\004\060\004\066\004\065\004\075\004\070\004\117\004\105\000\040\004\100\004\060\004\067\004\075\004\076\004\063\004\076\000\040\004\100\004\060\004\067\004\074\004\065\004\100\004\060}{section.4}% 45
\BOOKMARK [2][-]{subsection.4.4}{\376\377\004\040\004\065\004\067\004\103\004\073\004\114\004\102\004\060\004\102\004\113\000\040\004\070\004\101\004\101\004\073\004\065\004\064\004\076\004\062\004\060\004\075\004\070\004\117}{section.4}% 46
\BOOKMARK [1][-]{subsection.4.4}{\376\377\004\027\004\020\004\032\004\033\004\056\004\047\004\025\004\035\004\030\004\025}{}% 47
\BOOKMARK [1][-]{subsection.4.4}{\376\377\004\041\004\037\004\030\004\041\004\036\004\032\000\040\004\030\004\041\004\037\004\036\004\033\004\054\004\027\004\036\004\022\004\020\004\035\004\035\004\053\004\045\000\040\004\030\004\041\004\042\004\036\004\047\004\035\004\030\004\032\004\036\004\022}{}% 48
\BOOKMARK [1][-]{subsection.4.4}{\376\377\004\037\004\040\004\030\004\033\004\036\004\026\004\025\004\035\004\030\004\025\000\040\004\020}{}% 49
\BOOKMARK [1][-]{listing.caption.41}{\376\377\004\037\004\040\004\030\004\033\004\036\004\026\004\025\004\035\004\030\004\025\000\040\004\021}{}% 50
\BOOKMARK [1][-]{listing.caption.50}{\376\377\004\037\004\040\004\030\004\033\004\036\004\026\004\025\004\035\004\030\004\025\000\040\004\022}{}% 51
\BOOKMARK [1][-]{listing.caption.55}{\376\377\004\037\004\040\004\030\004\033\004\036\004\026\004\025\004\035\004\030\004\025\000\040\004\023}{}% 52
\BOOKMARK [1][-]{listing.caption.56}{\376\377\004\037\004\040\004\030\004\033\004\036\004\026\004\025\004\035\004\030\004\025\000\040\004\024}{}% 53
